Archive:  RE.zip
  inflating: readme.txt              
  inflating: RE.txt                  

Archive:  GF.zip
  inflating: readme.txt              
  inflating: GF.txt                  

Archive:  GP.zip
  inflating: readme.txt              
  inflating: GP.txt                  

Archive:  PM.zip
  inflating: readme.txt              
  inflating: PM.txt                  

Archive:  MQ.zip
  inflating: readme.txt              
  inflating: MQ.txt                  

Archive:  YT.zip
  inflating: readme.txt              
  inflating: YT.txt                  

Archive:  FR.zip
  inflating: readme.txt              
  inflating: FR.txt                  

Archive:  NC.zip
  inflating: readme.txt              
  inflating: NC.txt                  
L'écriture des code postaux dans le fichier (cp.txt) a réussi.
Archive:  RE.zip
  inflating: readme.txt              
  inflating: RE.txt                  

Archive:  GF.zip
  inflating: readme.txt              
  inflating: GF.txt                  

Archive:  GP.zip
  inflating: readme.txt              
  inflating: GP.txt                  

Archive:  PM.zip
  inflating: readme.txt              
  inflating: PM.txt                  

Archive:  MQ.zip
  inflating: readme.txt              
  inflating: MQ.txt                  

Archive:  YT.zip
  inflating: readme.txt              
  inflating: YT.txt                  

Archive:  FR.zip
  inflating: readme.txt              
  inflating: FR.txt                  

Archive:  NC.zip
  inflating: readme.txt              
  inflating: NC.txt                  
L'écriture des code postaux dans le fichier (cp.txt) a réussi.
Archive:  RE.zip
  inflating: readme.txt              
  inflating: RE.txt                  

Archive:  GF.zip
  inflating: readme.txt              
  inflating: GF.txt                  

Archive:  GP.zip
  inflating: readme.txt              
  inflating: GP.txt                  

Archive:  PM.zip
  inflating: readme.txt              
  inflating: PM.txt                  

Archive:  MQ.zip
  inflating: readme.txt              
  inflating: MQ.txt                  

Archive:  YT.zip
  inflating: readme.txt              
  inflating: YT.txt                  

Archive:  FR.zip
  inflating: readme.txt              
  inflating: FR.txt                  

Archive:  NC.zip
  inflating: readme.txt              
  inflating: NC.txt                  
Tue Nov 29 15:44:02 RET 2016
L'écriture des code postaux dans le fichier (cp.txt) a réussi.
Tue Nov 29 15:44:02 RET 2016
L'écriture des code postaux dans le fichier (cp.txt) a réussi.
Wed Nov 30 11:10:35 RET 2016
L'écriture des code postaux dans le fichier (cp.txt) a réussi.
Wed Nov 30 11:47:57 RET 2016
L'écriture des code postaux dans le fichier (cp.txt) a réussi.
Wed Nov 30 12:18:32 RET 2016
